Wed Sep 18 16:19:31 2013 : Intializing arpsecd logic ...
Wed Sep 18 16:19:31 2013 : Forking child process for logic ...
Wed Sep 18 16:19:31 2013 : Process forked (parent live)
Wed Sep 18 16:19:31 2013 : Waiting for input [bytes written], ty=1
Wed Sep 18 16:19:31 2013 : Data is ready for reading from logic.
Wed Sep 18 16:19:31 2013 : Data is ready for reading from logic.
Wed Sep 18 16:19:31 2013 : Data is ready for reading from logic.
Wed Sep 18 16:19:31 2013 : Data is ready for reading from logic.
Wed Sep 18 16:19:31 2013 : GPL output [Wed Sep 18 16:19:31 2013 : Process forked (child live)]
Wed Sep 18 16:19:31 2013 : GPL output [Wed Sep 18 16:19:31 2013 : Child exec logic [/usr/local/gprolog-1.4.2/bin/gprolog][--consult-file[arpsec.pl] ...]
Wed Sep 18 16:19:31 2013 : GPL output [GNU Prolog 1.4.2]
Wed Sep 18 16:19:31 2013 : GPL output [By Daniel Diaz]
Wed Sep 18 16:19:31 2013 : GPL output [Copyright (C) 1999-2012 Daniel Diaz]
Wed Sep 18 16:19:31 2013 : GPL output [compiling /root/arpsec/arpsec.pl for byte code...]
Wed Sep 18 16:19:31 2013 : GPL output [/root/arpsec/arpsec.pl compiled, 102 lines read - 8228 bytes written, 12 ms]
Wed Sep 18 16:19:31 2013 : arpsecd logic initialized.
Wed Sep 18 16:19:31 2013 : Info - got IPv4 address for eth1: 128.223.6.62
Wed Sep 18 16:19:31 2013 : Info - got MAC address for eth1: b8_ca_3a_8e_39_96
Wed Sep 18 16:19:31 2013 : Info - LocalSystem: sysarpsec01
Wed Sep 18 16:19:31 2013 : Info - LocalNet: net128_223_6_62
Wed Sep 18 16:19:31 2013 : Info - LocalMedia: mediab8_ca_3a_8e_39_96
Wed Sep 18 16:19:31 2013 : Info: Debugfs is already mounted
Wed Sep 18 16:19:31 2013 : arpsecd got [4] CPUs
Wed Sep 18 16:19:31 2013 : Relay opened for file /sys/kernel/debug/arpsec_cpu0
Wed Sep 18 16:19:31 2013 : Relay opened for file /sys/kernel/debug/arpsec_cpu1
Wed Sep 18 16:19:31 2013 : Relay opened for file /sys/kernel/debug/arpsec_cpu2
Wed Sep 18 16:19:31 2013 : Relay opened for file /sys/kernel/debug/arpsec_cpu3
Wed Sep 18 16:19:31 2013 : Info: arpsecd pid [14043]
Wed Sep 18 16:19:31 2013 : Info: netlink socket init done
Wed Sep 18 16:19:31 2013 : Info: file [/root/arpsec/tpmdb/arpsec02_aik_pub_key.key] is opened
Wed Sep 18 16:19:31 2013 : Info: Got file length [284]
Wed Sep 18 16:19:31 2013 : Info: file [/root/arpsec/tpmdb/arpsec02_pcr_good_value.pcr] is opened
Wed Sep 18 16:19:31 2013 : Info: Got file length [160]
Wed Sep 18 16:19:31 2013 : Info: TPM DB loading and parsing success
Wed Sep 18 16:19:31 2013 : asnTestNetlink: Info - send netlink test msg to the kernel
Wed Sep 18 16:19:31 2013 : asnTestNetlink: Info - got netlink test msg from the kernel [Test_from_arpseck]
Wed Sep 18 16:19:31 2013 : Got file handler[4]
Wed Sep 18 16:19:31 2013 : Got file handler[5]
Wed Sep 18 16:19:31 2013 : Got file handler[7]
Wed Sep 18 16:19:31 2013 : Got file handler[8]
Wed Sep 18 16:19:31 2013 : Info: got [7] msgs from file [4] - push the extra msgs into relay queue
Wed Sep 18 16:19:31 2013 : Info: pushed [0] msgs into the relay queue and [0] msgs in the relay queue now
Wed Sep 18 16:19:31 2013 : Info: read on msg from kernel for file [4]
Wed Sep 18 16:19:31 2013 : Info: dev_ptr from kernel [0xffff88020b7f8000]
Wed Sep 18 16:19:31 2013 : Start dumping the kernel arpmsg
Wed Sep 18 16:19:31 2013 : ===============================
Wed Sep 18 16:19:31 2013 : arpmsg[0] = 0x0(0)
Wed Sep 18 16:19:31 2013 : arpmsg[1] = 0x1(1)
Wed Sep 18 16:19:31 2013 : arpmsg[2] = 0x8(8)
Wed Sep 18 16:19:31 2013 : arpmsg[3] = 0x0(0)
Wed Sep 18 16:19:31 2013 : arpmsg[4] = 0x6(6)
Wed Sep 18 16:19:31 2013 : arpmsg[5] = 0x4(4)
Wed Sep 18 16:19:31 2013 : arpmsg[6] = 0x0(0)
Wed Sep 18 16:19:31 2013 : arpmsg[7] = 0x1(1)
Wed Sep 18 16:19:31 2013 : arpmsg[8] = 0x70(112)
Wed Sep 18 16:19:31 2013 : arpmsg[9] = 0xcd(205)
Wed Sep 18 16:19:31 2013 : arpmsg[10] = 0x60(96)
Wed Sep 18 16:19:31 2013 : arpmsg[11] = 0xa9(169)
Wed Sep 18 16:19:31 2013 : arpmsg[12] = 0xf5(245)
Wed Sep 18 16:19:31 2013 : arpmsg[13] = 0x5a(90)
Wed Sep 18 16:19:31 2013 : arpmsg[14] = 0x80(128)
Wed Sep 18 16:19:31 2013 : arpmsg[15] = 0xdf(223)
Wed Sep 18 16:19:31 2013 : arpmsg[16] = 0x6(6)
Wed Sep 18 16:19:31 2013 : arpmsg[17] = 0xe6(230)
Wed Sep 18 16:19:31 2013 : arpmsg[18] = 0x0(0)
Wed Sep 18 16:19:31 2013 : arpmsg[19] = 0x0(0)
Wed Sep 18 16:19:31 2013 : arpmsg[20] = 0x0(0)
Wed Sep 18 16:19:31 2013 : arpmsg[21] = 0x0(0)
Wed Sep 18 16:19:31 2013 : arpmsg[22] = 0x0(0)
Wed Sep 18 16:19:31 2013 : arpmsg[23] = 0x0(0)
Wed Sep 18 16:19:31 2013 : arpmsg[24] = 0x80(128)
Wed Sep 18 16:19:31 2013 : arpmsg[25] = 0xdf(223)
Wed Sep 18 16:19:31 2013 : arpmsg[26] = 0x6(6)
Wed Sep 18 16:19:31 2013 : arpmsg[27] = 0x1(1)
Wed Sep 18 16:19:31 2013 : ===============================
Wed Sep 18 16:19:31 2013 : End dumping the kernel arpmsg
Wed Sep 18 16:19:31 2013 : Start dumping(2) the kernel arpmsg
Wed Sep 18 16:19:31 2013 : ==================================
Wed Sep 18 16:19:31 2013 : format_of_hardware_address: 1
Wed Sep 18 16:19:31 2013 : format_of_protocol_address: 0x800
Wed Sep 18 16:19:31 2013 : length_of_hardware_address: 6
Wed Sep 18 16:19:31 2013 : length_of_protocol_address: 4
Wed Sep 18 16:19:31 2013 : ARP_opcode: 1
Wed Sep 18 16:19:31 2013 : sender_hardware_address: media70_cd_60_a9_f5_5a
Wed Sep 18 16:19:31 2013 : sender_IP_address: net128_223_6_230
Wed Sep 18 16:19:31 2013 : target_hardware_address: media0_0_0_0_0_0
Wed Sep 18 16:19:31 2013 : target_IP_address: net128_223_6_1
Wed Sep 18 16:19:31 2013 : ==================================
Wed Sep 18 16:19:31 2013 : End dumping(2) the kernel arpmsg
Wed Sep 18 16:19:31 2013 : Processing ARP from kernel [AS Msg [RFC_826_ARP_REQ,sdn=media70_cd_60_a9_f5_5a,dst=HWANY,addr=net128_223_6_1]
Wed Sep 18 16:19:31 2013 : Writing to logic [valid_binding(net128_223_6_1,X,1379546371).
]
Wed Sep 18 16:19:31 2013 : Waiting for input [X], ty=2
Wed Sep 18 16:19:31 2013 : Data is ready for reading from logic.
Wed Sep 18 16:19:31 2013 : GPL output []
Wed Sep 18 16:19:31 2013 : GPL output [no]
Wed Sep 18 16:19:31 2013 : Failed to find good ARP REQ binding [net128_223_6_1]
Wed Sep 18 16:19:31 2013 : METRIC: ARP Binding : 100324
Wed Sep 18 16:19:31 2013 : Info: got [7] msgs from file [4] - push the extra msgs into relay queue
Wed Sep 18 16:19:31 2013 : Info: pushed [0] msgs into the relay queue and [0] msgs in the relay queue now
Wed Sep 18 16:19:31 2013 : Info: read on msg from kernel for file [4]
Wed Sep 18 16:19:31 2013 : Info: dev_ptr from kernel [0xffff88020b7f8000]
Wed Sep 18 16:19:31 2013 : Start dumping the kernel arpmsg
Wed Sep 18 16:19:31 2013 : ===============================
Wed Sep 18 16:19:31 2013 : arpmsg[0] = 0x0(0)
Wed Sep 18 16:19:31 2013 : arpmsg[1] = 0x1(1)
Wed Sep 18 16:19:31 2013 : arpmsg[2] = 0x8(8)
Wed Sep 18 16:19:31 2013 : arpmsg[3] = 0x0(0)
Wed Sep 18 16:19:31 2013 : arpmsg[4] = 0x6(6)
Wed Sep 18 16:19:31 2013 : arpmsg[5] = 0x4(4)
Wed Sep 18 16:19:31 2013 : arpmsg[6] = 0x0(0)
Wed Sep 18 16:19:31 2013 : arpmsg[7] = 0x1(1)
Wed Sep 18 16:19:31 2013 : arpmsg[8] = 0x3c(60)
Wed Sep 18 16:19:31 2013 : arpmsg[9] = 0x7(7)
Wed Sep 18 16:19:31 2013 : arpmsg[10] = 0x54(84)
Wed Sep 18 16:19:31 2013 : arpmsg[11] = 0x17(23)
Wed Sep 18 16:19:31 2013 : arpmsg[12] = 0xc5(197)
Wed Sep 18 16:19:31 2013 : arpmsg[13] = 0x53(83)
Wed Sep 18 16:19:31 2013 : arpmsg[14] = 0x80(128)
Wed Sep 18 16:19:31 2013 : arpmsg[15] = 0xdf(223)
Wed Sep 18 16:19:31 2013 : arpmsg[16] = 0x6(6)
Wed Sep 18 16:19:31 2013 : arpmsg[17] = 0xaf(175)
Wed Sep 18 16:19:31 2013 : arpmsg[18] = 0x0(0)
Wed Sep 18 16:19:31 2013 : arpmsg[19] = 0x0(0)
Wed Sep 18 16:19:31 2013 : arpmsg[20] = 0x0(0)
Wed Sep 18 16:19:31 2013 : arpmsg[21] = 0x0(0)
Wed Sep 18 16:19:31 2013 : arpmsg[22] = 0x0(0)
Wed Sep 18 16:19:31 2013 : arpmsg[23] = 0x0(0)
Wed Sep 18 16:19:31 2013 : arpmsg[24] = 0x80(128)
Wed Sep 18 16:19:31 2013 : arpmsg[25] = 0xdf(223)
Wed Sep 18 16:19:31 2013 : arpmsg[26] = 0x6(6)
Wed Sep 18 16:19:31 2013 : arpmsg[27] = 0x1(1)
Wed Sep 18 16:19:31 2013 : ===============================
Wed Sep 18 16:19:31 2013 : End dumping the kernel arpmsg
Wed Sep 18 16:19:31 2013 : Start dumping(2) the kernel arpmsg
Wed Sep 18 16:19:31 2013 : ==================================
Wed Sep 18 16:19:31 2013 : format_of_hardware_address: 1
Wed Sep 18 16:19:31 2013 : format_of_protocol_address: 0x800
Wed Sep 18 16:19:31 2013 : length_of_hardware_address: 6
Wed Sep 18 16:19:31 2013 : length_of_protocol_address: 4
Wed Sep 18 16:19:31 2013 : ARP_opcode: 1
Wed Sep 18 16:19:31 2013 : sender_hardware_address: media3c_7_54_17_c5_53
Wed Sep 18 16:19:31 2013 : sender_IP_address: net128_223_6_175
Wed Sep 18 16:19:31 2013 : target_hardware_address: media0_0_0_0_0_0
Wed Sep 18 16:19:31 2013 : target_IP_address: net128_223_6_1
Wed Sep 18 16:19:31 2013 : ==================================
Wed Sep 18 16:19:31 2013 : End dumping(2) the kernel arpmsg
Wed Sep 18 16:19:31 2013 : Processing ARP from kernel [AS Msg [RFC_826_ARP_REQ,sdn=media3c_7_54_17_c5_53,dst=HWANY,addr=net128_223_6_1]
Wed Sep 18 16:19:31 2013 : Writing to logic [valid_binding(net128_223_6_1,X,1379546371).
]
Wed Sep 18 16:19:31 2013 : Waiting for input [X], ty=2
Wed Sep 18 16:19:31 2013 : Data is ready for reading from logic.
Wed Sep 18 16:19:31 2013 : GPL output []
Wed Sep 18 16:19:31 2013 : GPL output [no]
Wed Sep 18 16:19:31 2013 : Failed to find good ARP REQ binding [net128_223_6_1]
Wed Sep 18 16:19:31 2013 : METRIC: ARP Binding : 100321
Wed Sep 18 16:19:31 2013 : Info: got [7] msgs from file [4] - push the extra msgs into relay queue
Wed Sep 18 16:19:31 2013 : Info: pushed [0] msgs into the relay queue and [0] msgs in the relay queue now
Wed Sep 18 16:19:31 2013 : Info: read on msg from kernel for file [4]
Wed Sep 18 16:19:31 2013 : Info: dev_ptr from kernel [0xffff88020b7f8000]
Wed Sep 18 16:19:31 2013 : Start dumping the kernel arpmsg
Wed Sep 18 16:19:31 2013 : ===============================
Wed Sep 18 16:19:31 2013 : arpmsg[0] = 0x0(0)
Wed Sep 18 16:19:31 2013 : arpmsg[1] = 0x1(1)
Wed Sep 18 16:19:31 2013 : arpmsg[2] = 0x8(8)
Wed Sep 18 16:19:31 2013 : arpmsg[3] = 0x0(0)
Wed Sep 18 16:19:31 2013 : arpmsg[4] = 0x6(6)
Wed Sep 18 16:19:31 2013 : arpmsg[5] = 0x4(4)
Wed Sep 18 16:19:31 2013 : arpmsg[6] = 0x0(0)
Wed Sep 18 16:19:31 2013 : arpmsg[7] = 0x1(1)
Wed Sep 18 16:19:31 2013 : arpmsg[8] = 0x0(0)
Wed Sep 18 16:19:31 2013 : arpmsg[9] = 0xd0(208)
Wed Sep 18 16:19:31 2013 : arpmsg[10] = 0x1(1)
Wed Sep 18 16:19:31 2013 : arpmsg[11] = 0x95(149)
Wed Sep 18 16:19:31 2013 : arpmsg[12] = 0xdc(220)
Wed Sep 18 16:19:31 2013 : arpmsg[13] = 0x0(0)
Wed Sep 18 16:19:31 2013 : arpmsg[14] = 0x80(128)
Wed Sep 18 16:19:31 2013 : arpmsg[15] = 0xdf(223)
Wed Sep 18 16:19:31 2013 : arpmsg[16] = 0x6(6)
Wed Sep 18 16:19:31 2013 : arpmsg[17] = 0x3(3)
Wed Sep 18 16:19:31 2013 : arpmsg[18] = 0x0(0)
Wed Sep 18 16:19:31 2013 : arpmsg[19] = 0x0(0)
Wed Sep 18 16:19:31 2013 : arpmsg[20] = 0x0(0)
Wed Sep 18 16:19:31 2013 : arpmsg[21] = 0x0(0)
Wed Sep 18 16:19:31 2013 : arpmsg[22] = 0x0(0)
Wed Sep 18 16:19:31 2013 : arpmsg[23] = 0x0(0)
Wed Sep 18 16:19:31 2013 : arpmsg[24] = 0x80(128)
Wed Sep 18 16:19:31 2013 : arpmsg[25] = 0xdf(223)
Wed Sep 18 16:19:31 2013 : arpmsg[26] = 0x6(6)
Wed Sep 18 16:19:31 2013 : arpmsg[27] = 0x92(146)
Wed Sep 18 16:19:31 2013 : ===============================
Wed Sep 18 16:19:31 2013 : End dumping the kernel arpmsg
Wed Sep 18 16:19:31 2013 : Start dumping(2) the kernel arpmsg
Wed Sep 18 16:19:31 2013 : ==================================
Wed Sep 18 16:19:31 2013 : format_of_hardware_address: 1
Wed Sep 18 16:19:31 2013 : format_of_protocol_address: 0x800
Wed Sep 18 16:19:31 2013 : length_of_hardware_address: 6
Wed Sep 18 16:19:31 2013 : length_of_protocol_address: 4
Wed Sep 18 16:19:31 2013 : ARP_opcode: 1
Wed Sep 18 16:19:31 2013 : sender_hardware_address: media0_d0_1_95_dc_0
Wed Sep 18 16:19:31 2013 : sender_IP_address: net128_223_6_3
Wed Sep 18 16:19:31 2013 : target_hardware_address: media0_0_0_0_0_0
Wed Sep 18 16:19:31 2013 : target_IP_address: net128_223_6_146
Wed Sep 18 16:19:31 2013 : ==================================
Wed Sep 18 16:19:31 2013 : End dumping(2) the kernel arpmsg
Wed Sep 18 16:19:31 2013 : Processing ARP from kernel [AS Msg [RFC_826_ARP_REQ,sdn=media0_d0_1_95_dc_0,dst=HWANY,addr=net128_223_6_146]
Wed Sep 18 16:19:31 2013 : Writing to logic [valid_binding(net128_223_6_146,X,1379546371).
]
Wed Sep 18 16:19:31 2013 : Waiting for input [X], ty=2
Wed Sep 18 16:19:31 2013 : Data is ready for reading from logic.
Wed Sep 18 16:19:31 2013 : GPL output []
Wed Sep 18 16:19:31 2013 : GPL output [no]
Wed Sep 18 16:19:31 2013 : Failed to find good ARP REQ binding [net128_223_6_146]
Wed Sep 18 16:19:31 2013 : METRIC: ARP Binding : 100362
Wed Sep 18 16:19:31 2013 : Info: got [7] msgs from file [4] - push the extra msgs into relay queue
Wed Sep 18 16:19:31 2013 : Info: pushed [0] msgs into the relay queue and [0] msgs in the relay queue now
Wed Sep 18 16:19:31 2013 : Info: read on msg from kernel for file [4]
Wed Sep 18 16:19:31 2013 : Info: dev_ptr from kernel [0xffff88020b7f8000]
Wed Sep 18 16:19:31 2013 : Start dumping the kernel arpmsg
Wed Sep 18 16:19:31 2013 : ===============================
Wed Sep 18 16:19:31 2013 : arpmsg[0] = 0x0(0)
Wed Sep 18 16:19:31 2013 : arpmsg[1] = 0x1(1)
Wed Sep 18 16:19:31 2013 : arpmsg[2] = 0x8(8)
Wed Sep 18 16:19:31 2013 : arpmsg[3] = 0x0(0)
Wed Sep 18 16:19:31 2013 : arpmsg[4] = 0x6(6)
Wed Sep 18 16:19:31 2013 : arpmsg[5] = 0x4(4)
Wed Sep 18 16:19:31 2013 : arpmsg[6] = 0x0(0)
Wed Sep 18 16:19:31 2013 : arpmsg[7] = 0x2(2)
Wed Sep 18 16:19:31 2013 : arpmsg[8] = 0x0(0)
Wed Sep 18 16:19:31 2013 : arpmsg[9] = 0x3(3)
Wed Sep 18 16:19:31 2013 : arpmsg[10] = 0xba(186)
Wed Sep 18 16:19:31 2013 : arpmsg[11] = 0xc0(192)
Wed Sep 18 16:19:31 2013 : arpmsg[12] = 0xf5(245)
Wed Sep 18 16:19:31 2013 : arpmsg[13] = 0x79(121)
Wed Sep 18 16:19:31 2013 : arpmsg[14] = 0x80(128)
Wed Sep 18 16:19:31 2013 : arpmsg[15] = 0xdf(223)
Wed Sep 18 16:19:31 2013 : arpmsg[16] = 0x6(6)
Wed Sep 18 16:19:31 2013 : arpmsg[17] = 0x9(9)
Wed Sep 18 16:19:31 2013 : arpmsg[18] = 0xb8(184)
Wed Sep 18 16:19:31 2013 : arpmsg[19] = 0xca(202)
Wed Sep 18 16:19:31 2013 : arpmsg[20] = 0x3a(58)
Wed Sep 18 16:19:31 2013 : arpmsg[21] = 0x8e(142)
Wed Sep 18 16:19:31 2013 : arpmsg[22] = 0x39(57)
Wed Sep 18 16:19:31 2013 : arpmsg[23] = 0x96(150)
Wed Sep 18 16:19:31 2013 : arpmsg[24] = 0x80(128)
Wed Sep 18 16:19:31 2013 : arpmsg[25] = 0xdf(223)
Wed Sep 18 16:19:31 2013 : arpmsg[26] = 0x6(6)
Wed Sep 18 16:19:31 2013 : arpmsg[27] = 0x3e(62)
Wed Sep 18 16:19:31 2013 : ===============================
Wed Sep 18 16:19:31 2013 : End dumping the kernel arpmsg
Wed Sep 18 16:19:31 2013 : Start dumping(2) the kernel arpmsg
Wed Sep 18 16:19:31 2013 : ==================================
Wed Sep 18 16:19:31 2013 : format_of_hardware_address: 1
Wed Sep 18 16:19:31 2013 : format_of_protocol_address: 0x800
Wed Sep 18 16:19:31 2013 : length_of_hardware_address: 6
Wed Sep 18 16:19:31 2013 : length_of_protocol_address: 4
Wed Sep 18 16:19:31 2013 : ARP_opcode: 2
Wed Sep 18 16:19:31 2013 : sender_hardware_address: media0_3_ba_c0_f5_79
Wed Sep 18 16:19:31 2013 : sender_IP_address: net128_223_6_9
Wed Sep 18 16:19:31 2013 : target_hardware_address: mediab8_ca_3a_8e_39_96
Wed Sep 18 16:19:31 2013 : target_IP_address: net128_223_6_62
Wed Sep 18 16:19:31 2013 : ==================================
Wed Sep 18 16:19:31 2013 : End dumping(2) the kernel arpmsg
Wed Sep 18 16:19:44 2013 : System received SIGINT signal, processing.
Wed Sep 18 16:19:46 2013 : Error on getnameinfo [Name or service not known]
Wed Sep 18 16:19:46 2013 : Processing ARP from kernel [AS Msg [RFC_826_ARP_RES,src=sys,sdn=media0_3_ba_c0_f5_79,dst=mediab8_ca_3a_8e_39_96,addr=net128_223_6_9,bind=media0_3_ba_c0_f5_79]
Wed Sep 18 16:19:46 2013 : PENDING NETWORK BINDING: UNIMPLEMNTED, returning TRUE
Wed Sep 18 16:19:46 2013 : Writing to logic [trusted(sys,1379546386).
]
Wed Sep 18 16:19:46 2013 : Data is ready for reading from logic.
Wed Sep 18 16:19:46 2013 : Data is ready for reading from logic.
Wed Sep 18 16:19:46 2013 : Data is ready for reading from logic.
Wed Sep 18 16:19:46 2013 : GPL output []
Wed Sep 18 16:19:46 2013 : GPL output [Prolog interruption (h for help) ? t]
Wed Sep 18 16:19:46 2013 : GPL output [The debugger will first creep -- showing everything (trace)]
Wed Sep 18 16:19:46 2013 : GPL output [uncaught exception: error(instantiation_error,sort/2)]
Wed Sep 18 16:19:46 2013 : GPL output [{trace}]
Wed Sep 18 16:19:46 2013 : aslIsGplOutputPositive: Info - [Prolog interruption (h for help) ? t] does not match pattern 1
Wed Sep 18 16:19:46 2013 : aslIsGplOutputNegative: Info - [Prolog interruption (h for help) ? t] does not match pattern 1
Wed Sep 18 16:19:46 2013 : aslIsGplOutputPositive: Info - [The debugger will first creep -- showing everything (trace)] does not match pattern 1
Wed Sep 18 16:19:46 2013 : aslIsGplOutputNegative: Info - [The debugger will first creep -- showing everything (trace)] does not match pattern 1
Wed Sep 18 16:19:46 2013 : aslIsGplOutputPositive: Info - [uncaught exception: error(instantiation_error,sort/2)] does not match pattern 1
Wed Sep 18 16:19:46 2013 : aslIsGplOutputNegative: Info - [uncaught exception: error(instantiation_error,sort/2)] does not match pattern 1
Wed Sep 18 16:19:46 2013 : aslIsGplOutputPositive: Info - [{trace}] does not match pattern 1
Wed Sep 18 16:19:46 2013 : aslIsGplOutputNegative: Info - [{trace}] does not match pattern 1
Wed Sep 18 16:19:46 2013 : Faild to get a postive or negative result on system trust (sys,1379546386)
Opening pipe from kernel space
TPM DB Entry [0]
MAC = [b8:ca:3a:8e:38:44]
IPv4 = [128.223.6.113]
AIK pub key file path = [/root/arpsec/tpmdb/arpsec02_aik_pub_key.key]
PCR file path = [/root/arpsec/tpmdb/arpsec02_pcr_good_value.pcr]
AIK pub key len = [284]
PCR len = [160]
AIK pub key:
00 00 00 01 00 01 00 02 00 00 00 0c 00 00 08 00 00 00 00 02
00 00 00 00 00 00 01 00 e0 47 6e 0d 97 ca 59 00 e3 28 15 c5
ea 2d 8b dc d3 04 f6 a9 65 19 9e 73 e4 64 cc 51 f3 68 b0 50
5c c9 c6 00 14 d2 8c ec 44 28 76 cf 7b e6 63 ae 82 64 ec f8
a1 64 6d 37 d3 a6 59 f7 5a 28 ca fd 05 86 92 77 b5 9d 86 a0
5d 0c fa ee b8 aa 0e de bd 04 46 60 bd 2e 3d 1b 33 4a 41 eb
07 02 96 44 89 59 23 c4 e9 86 14 12 5a 8a 5f 70 ed c2 21 32
d8 0d b1 74 ae aa c1 b1 dd 9b 93 a8 05 6a 43 b4 61 b7 57 a9
c6 f7 3d 7d be 8f 88 3f 41 b6 0e a6 ed 7a 0b 49 ff 06 f2 8b
5a c3 04 f6 0e aa f3 29 81 66 98 0c 4e a5 d8 dd 42 f9 ab b2
51 48 fc 9c 50 b5 07 f3 ca 75 91 7f 0f d9 f8 41 cd 1e 7d 0a
17 1c 5e 3c 23 04 4a ed b7 41 5e 80 69 b7 5f 2f f7 9d ca 22
12 83 cd 26 a9 b8 87 82 99 de 29 95 cc fa 67 e4 4a 1e d0 9e
08 8d 1f 8b e7 3a 32 3a 81 71 8a d8 9c fa 60 09 9c c5 15 8e
ba 18 dc ab 
PCR mask:
01 01 01 01 01 01 01 01 00 00 00 00 00 00 00 00 00 00 00 00
00 00 00 00 
PCR good value:
66 a9 e1 3e 36 7d 79 69 a8 ed 5d a4 23 87 14 f9 27 36 11 4a
3a 3f 78 0f 11 a4 b4 99 69 fc aa 80 cd 6e 39 57 c3 3b 22 75
17 b6 a6 ec 9e 8a 79 ce 55 27 d7 fb 9a 90 e9 1c 9f bc 30 a2
3a 3f 78 0f 11 a4 b4 99 69 fc aa 80 cd 6e 39 57 c3 3b 22 75
03 ac 25 7d e9 f2 12 f3 1d b6 f3 1b b0 85 a7 f1 1f f2 a5 dd
43 2c 6f 9b d5 52 95 05 78 42 61 3a e6 f9 6b 22 6d fe 04 13
3a 3f 78 0f 11 a4 b4 99 69 fc aa 80 cd 6e 39 57 c3 3b 22 75
04 dd 44 76 99 54 20 0e 8d c5 95 e6 0c 2b a9 34 3b 5e 2c f3
daveti: ready to read from relay
